<?xml version="1.0" encoding="utf-8"?><testsuites name="pytest tests"><testsuite name="pytest" errors="0" failures="0" skipped="0" tests="9" time="1.272" timestamp="2026-05-06T07:21:44.289193+00:00" hostname="agent-env-da7cb275-6f61-4bce-bf4b-2375f3f74392"><testcase classname="backend.tests.test_geocode_filter" name="test_geocode_valid_pincode_delhi" time="0.270" /><testcase classname="backend.tests.test_geocode_filter" name="test_geocode_valid_pincode_mumbai" time="0.045" /><testcase classname="backend.tests.test_geocode_filter" name="test_geocode_5digit_returns_400" time="0.047" /><testcase classname="backend.tests.test_geocode_filter" name="test_geocode_nondigit_returns_400" time="0.065" /><testcase classname="backend.tests.test_geocode_filter" name="test_geocode_unknown_returns_found_false" time="0.474" /><testcase classname="backend.tests.test_geocode_filter" name="test_geocode_caches_result" time="0.084" /><testcase classname="backend.tests.test_geocode_filter" name="test_geocode_no_mongo_id_leak" time="0.042" /><testcase classname="backend.tests.test_geocode_filter" name="test_seed_loads_created" time="0.135" /><testcase classname="backend.tests.test_geocode_filter" name="test_loads_list_includes_seeded" time="0.044" /></testsuite></testsuites>