<?xml version="1.0" encoding="utf-8"?><testsuites name="pytest tests"><testsuite name="pytest" errors="0" failures="0" skipped="0" tests="13" time="1.787" timestamp="2026-05-05T08:07:37.322967+00:00" hostname="agent-env-da7cb275-6f61-4bce-bf4b-2375f3f74392"><testcase classname="backend.tests.test_loadlink_api" name="test_health_root" time="0.235" /><testcase classname="backend.tests.test_loadlink_api" name="test_pincode_valid_delhi" time="0.410" /><testcase classname="backend.tests.test_loadlink_api" name="test_pincode_valid_mumbai" time="0.343" /><testcase classname="backend.tests.test_loadlink_api" name="test_pincode_5digit_returns_400" time="0.043" /><testcase classname="backend.tests.test_loadlink_api" name="test_pincode_nondigit_returns_400" time="0.045" /><testcase classname="backend.tests.test_loadlink_api" name="test_pincode_invalid_returns_valid_false" time="0.291" /><testcase classname="backend.tests.test_loadlink_api" name="test_create_load" time="0.047" /><testcase classname="backend.tests.test_loadlink_api" name="test_list_loads_returns_created" time="0.044" /><testcase classname="backend.tests.test_loadlink_api" name="test_list_loads_sorted_newest_first" time="0.089" /><testcase classname="backend.tests.test_loadlink_api" name="test_list_loads_filter_by_origin" time="0.045" /><testcase classname="backend.tests.test_loadlink_api" name="test_list_loads_filter_by_destination" time="0.042" /><testcase classname="backend.tests.test_loadlink_api" name="test_list_loads_filter_combined" time="0.042" /><testcase classname="backend.tests.test_loadlink_api" name="test_list_loads_filter_no_match" time="0.042" /></testsuite></testsuites>